<?xml version="1.0" encoding="UTF-8"?>
<testsuite xmlns:xsi="http://www.w3.org/2001/XMLSchema-instance" xsi:noNamespaceSchemaLocation="https://maven.apache.org/surefire/maven-surefire-plugin/xsd/surefire-test-report.xsd" name="com.krt.mqtt.server.MqttServerApplicationTests" time="8.46" tests="1" errors="0" skipped="0" failures="0">
  <properties>
    <property name="sun.desktop" value="windows"/>
    <property name="awt.toolkit" value="sun.awt.windows.WToolkit"/>
    <property name="file.encoding.pkg" value="sun.io"/>
    <property name="java.specification.version" value="1.8"/>
    <property name="sun.cpu.isalist" value="amd64"/>
    <property name="sun.jnu.encoding" value="GBK"/>
    <property name="java.class.path" value="E:\workspace-iot\IOT_MQTT\target\test-classes;E:\workspace-iot\IOT_MQTT\target\classes;D:\maven\maven-dependcies\org\mybatis\spring\boot\mybatis-spring-boot-starter\2.0.1\mybatis-spring-boot-starter-2.0.1.jar;D:\maven\maven-dependcies\org\springframework\boot\spring-boot-starter\2.1.5.RELEASE\spring-boot-starter-2.1.5.RELEASE.jar;D:\maven\maven-dependcies\org\springframework\boot\spring-boot\2.1.5.RELEASE\spring-boot-2.1.5.RELEASE.jar;D:\maven\maven-dependcies\org\springframework\spring-context\5.1.7.RELEASE\spring-context-5.1.7.RELEASE.jar;D:\maven\maven-dependcies\org\springframework\spring-aop\5.1.7.RELEASE\spring-aop-5.1.7.RELEASE.jar;D:\maven\maven-dependcies\org\springframework\spring-expression\5.1.7.RELEASE\spring-expression-5.1.7.RELEASE.jar;D:\maven\maven-dependcies\org\springframework\boot\spring-boot-autoconfigure\2.1.5.RELEASE\spring-boot-autoconfigure-2.1.5.RELEASE.jar;D:\maven\maven-dependcies\javax\annotation\javax.annotation-api\1.3.2\javax.annotation-api-1.3.2.jar;D:\maven\maven-dependcies\org\yaml\snakeyaml\1.23\snakeyaml-1.23.jar;D:\maven\maven-dependcies\org\springframework\boot\spring-boot-starter-jdbc\2.1.5.RELEASE\spring-boot-starter-jdbc-2.1.5.RELEASE.jar;D:\maven\maven-dependcies\com\zaxxer\HikariCP\3.2.0\HikariCP-3.2.0.jar;D:\maven\maven-dependcies\org\springframework\spring-jdbc\5.1.7.RELEASE\spring-jdbc-5.1.7.RELEASE.jar;D:\maven\maven-dependcies\org\springframework\spring-beans\5.1.7.RELEASE\spring-beans-5.1.7.RELEASE.jar;D:\maven\maven-dependcies\org\springframework\spring-tx\5.1.7.RELEASE\spring-tx-5.1.7.RELEASE.jar;D:\maven\maven-dependcies\org\mybatis\spring\boot\mybatis-spring-boot-autoconfigure\2.0.1\mybatis-spring-boot-autoconfigure-2.0.1.jar;D:\maven\maven-dependcies\org\mybatis\mybatis\3.5.1\mybatis-3.5.1.jar;D:\maven\maven-dependcies\org\mybatis\mybatis-spring\2.0.1\mybatis-spring-2.0.1.jar;D:\maven\maven-dependcies\org\springframework\boot\spring-boot-starter-test\2.1.5.RELEASE\spring-boot-starter-test-2.1.5.RELEASE.jar;D:\maven\maven-dependcies\org\springframework\boot\spring-boot-test\2.1.5.RELEASE\spring-boot-test-2.1.5.RELEASE.jar;D:\maven\maven-dependcies\org\springframework\boot\spring-boot-test-autoconfigure\2.1.5.RELEASE\spring-boot-test-autoconfigure-2.1.5.RELEASE.jar;D:\maven\maven-dependcies\com\jayway\jsonpath\json-path\2.4.0\json-path-2.4.0.jar;D:\maven\maven-dependcies\net\minidev\json-smart\2.3\json-smart-2.3.jar;D:\maven\maven-dependcies\net\minidev\accessors-smart\1.2\accessors-smart-1.2.jar;D:\maven\maven-dependcies\org\ow2\asm\asm\5.0.4\asm-5.0.4.jar;D:\maven\maven-dependcies\org\slf4j\slf4j-api\1.7.26\slf4j-api-1.7.26.jar;D:\maven\maven-dependcies\junit\junit\4.12\junit-4.12.jar;D:\maven\maven-dependcies\org\assertj\assertj-core\3.11.1\assertj-core-3.11.1.jar;D:\maven\maven-dependcies\org\mockito\mockito-core\2.23.4\mockito-core-2.23.4.jar;D:\maven\maven-dependcies\net\bytebuddy\byte-buddy\1.9.12\byte-buddy-1.9.12.jar;D:\maven\maven-dependcies\net\bytebuddy\byte-buddy-agent\1.9.12\byte-buddy-agent-1.9.12.jar;D:\maven\maven-dependcies\org\objenesis\objenesis\2.6\objenesis-2.6.jar;D:\maven\maven-dependcies\org\hamcrest\hamcrest-core\1.3\hamcrest-core-1.3.jar;D:\maven\maven-dependcies\org\hamcrest\hamcrest-library\1.3\hamcrest-library-1.3.jar;D:\maven\maven-dependcies\org\skyscreamer\jsonassert\1.5.0\jsonassert-1.5.0.jar;D:\maven\maven-dependcies\com\vaadin\external\google\android-json\0.0.20131108.vaadin1\android-json-0.0.20131108.vaadin1.jar;D:\maven\maven-dependcies\org\springframework\spring-core\5.1.7.RELEASE\spring-core-5.1.7.RELEASE.jar;D:\maven\maven-dependcies\org\springframework\spring-jcl\5.1.7.RELEASE\spring-jcl-5.1.7.RELEASE.jar;D:\maven\maven-dependcies\org\springframework\spring-test\5.1.7.RELEASE\spring-test-5.1.7.RELEASE.jar;D:\maven\maven-dependcies\org\xmlunit\xmlunit-core\2.6.2\xmlunit-core-2.6.2.jar;D:\maven\maven-dependcies\mysql\mysql-connector-java\8.0.16\mysql-connector-java-8.0.16.jar;D:\maven\maven-dependcies\org\springframework\boot\spring-boot-starter-log4j\1.3.8.RELEASE\spring-boot-starter-log4j-1.3.8.RELEASE.jar;D:\maven\maven-dependcies\org\slf4j\jcl-over-slf4j\1.7.26\jcl-over-slf4j-1.7.26.jar;D:\maven\maven-dependcies\org\slf4j\jul-to-slf4j\1.7.26\jul-to-slf4j-1.7.26.jar;D:\maven\maven-dependcies\org\slf4j\slf4j-log4j12\1.7.26\slf4j-log4j12-1.7.26.jar;D:\maven\maven-dependcies\log4j\log4j\1.2.17\log4j-1.2.17.jar;D:\maven\maven-dependcies\org\projectlombok\lombok\1.18.8\lombok-1.18.8.jar;D:\maven\maven-dependcies\io\netty\netty-all\4.1.31.Final\netty-all-4.1.31.Final.jar;D:\maven\maven-dependcies\com\alibaba\fastjson\1.2.58\fastjson-1.2.58.jar;"/>
    <property name="java.vm.vendor" value="Oracle Corporation"/>
    <property name="sun.arch.data.model" value="64"/>
    <property name="user.variant" value=""/>
    <property name="java.vendor.url" value="http://java.oracle.com/"/>
    <property name="user.timezone" value="Asia/Shanghai"/>
    <property name="java.vm.specification.version" value="1.8"/>
    <property name="os.name" value="Windows 7"/>
    <property name="user.country" value="CN"/>
    <property name="sun.java.launcher" value="SUN_STANDARD"/>
    <property name="sun.boot.library.path" value="E:\JDK1.8\jre\bin"/>
    <property name="sun.java.command" value="C:\Users\k\AppData\Local\Temp\surefire3139965671851335134\surefirebooter7900090918213299965.jar C:\Users\k\AppData\Local\Temp\surefire3139965671851335134 2019-08-05T16-58-36_047-jvmRun1 surefire818151624441391820tmp surefire_08019098348471543057tmp"/>
    <property name="surefire.test.class.path" value="E:\workspace-iot\IOT_MQTT\target\test-classes;E:\workspace-iot\IOT_MQTT\target\classes;D:\maven\maven-dependcies\org\mybatis\spring\boot\mybatis-spring-boot-starter\2.0.1\mybatis-spring-boot-starter-2.0.1.jar;D:\maven\maven-dependcies\org\springframework\boot\spring-boot-starter\2.1.5.RELEASE\spring-boot-starter-2.1.5.RELEASE.jar;D:\maven\maven-dependcies\org\springframework\boot\spring-boot\2.1.5.RELEASE\spring-boot-2.1.5.RELEASE.jar;D:\maven\maven-dependcies\org\springframework\spring-context\5.1.7.RELEASE\spring-context-5.1.7.RELEASE.jar;D:\maven\maven-dependcies\org\springframework\spring-aop\5.1.7.RELEASE\spring-aop-5.1.7.RELEASE.jar;D:\maven\maven-dependcies\org\springframework\spring-expression\5.1.7.RELEASE\spring-expression-5.1.7.RELEASE.jar;D:\maven\maven-dependcies\org\springframework\boot\spring-boot-autoconfigure\2.1.5.RELEASE\spring-boot-autoconfigure-2.1.5.RELEASE.jar;D:\maven\maven-dependcies\javax\annotation\javax.annotation-api\1.3.2\javax.annotation-api-1.3.2.jar;D:\maven\maven-dependcies\org\yaml\snakeyaml\1.23\snakeyaml-1.23.jar;D:\maven\maven-dependcies\org\springframework\boot\spring-boot-starter-jdbc\2.1.5.RELEASE\spring-boot-starter-jdbc-2.1.5.RELEASE.jar;D:\maven\maven-dependcies\com\zaxxer\HikariCP\3.2.0\HikariCP-3.2.0.jar;D:\maven\maven-dependcies\org\springframework\spring-jdbc\5.1.7.RELEASE\spring-jdbc-5.1.7.RELEASE.jar;D:\maven\maven-dependcies\org\springframework\spring-beans\5.1.7.RELEASE\spring-beans-5.1.7.RELEASE.jar;D:\maven\maven-dependcies\org\springframework\spring-tx\5.1.7.RELEASE\spring-tx-5.1.7.RELEASE.jar;D:\maven\maven-dependcies\org\mybatis\spring\boot\mybatis-spring-boot-autoconfigure\2.0.1\mybatis-spring-boot-autoconfigure-2.0.1.jar;D:\maven\maven-dependcies\org\mybatis\mybatis\3.5.1\mybatis-3.5.1.jar;D:\maven\maven-dependcies\org\mybatis\mybatis-spring\2.0.1\mybatis-spring-2.0.1.jar;D:\maven\maven-dependcies\org\springframework\boot\spring-boot-starter-test\2.1.5.RELEASE\spring-boot-starter-test-2.1.5.RELEASE.jar;D:\maven\maven-dependcies\org\springframework\boot\spring-boot-test\2.1.5.RELEASE\spring-boot-test-2.1.5.RELEASE.jar;D:\maven\maven-dependcies\org\springframework\boot\spring-boot-test-autoconfigure\2.1.5.RELEASE\spring-boot-test-autoconfigure-2.1.5.RELEASE.jar;D:\maven\maven-dependcies\com\jayway\jsonpath\json-path\2.4.0\json-path-2.4.0.jar;D:\maven\maven-dependcies\net\minidev\json-smart\2.3\json-smart-2.3.jar;D:\maven\maven-dependcies\net\minidev\accessors-smart\1.2\accessors-smart-1.2.jar;D:\maven\maven-dependcies\org\ow2\asm\asm\5.0.4\asm-5.0.4.jar;D:\maven\maven-dependcies\org\slf4j\slf4j-api\1.7.26\slf4j-api-1.7.26.jar;D:\maven\maven-dependcies\junit\junit\4.12\junit-4.12.jar;D:\maven\maven-dependcies\org\assertj\assertj-core\3.11.1\assertj-core-3.11.1.jar;D:\maven\maven-dependcies\org\mockito\mockito-core\2.23.4\mockito-core-2.23.4.jar;D:\maven\maven-dependcies\net\bytebuddy\byte-buddy\1.9.12\byte-buddy-1.9.12.jar;D:\maven\maven-dependcies\net\bytebuddy\byte-buddy-agent\1.9.12\byte-buddy-agent-1.9.12.jar;D:\maven\maven-dependcies\org\objenesis\objenesis\2.6\objenesis-2.6.jar;D:\maven\maven-dependcies\org\hamcrest\hamcrest-core\1.3\hamcrest-core-1.3.jar;D:\maven\maven-dependcies\org\hamcrest\hamcrest-library\1.3\hamcrest-library-1.3.jar;D:\maven\maven-dependcies\org\skyscreamer\jsonassert\1.5.0\jsonassert-1.5.0.jar;D:\maven\maven-dependcies\com\vaadin\external\google\android-json\0.0.20131108.vaadin1\android-json-0.0.20131108.vaadin1.jar;D:\maven\maven-dependcies\org\springframework\spring-core\5.1.7.RELEASE\spring-core-5.1.7.RELEASE.jar;D:\maven\maven-dependcies\org\springframework\spring-jcl\5.1.7.RELEASE\spring-jcl-5.1.7.RELEASE.jar;D:\maven\maven-dependcies\org\springframework\spring-test\5.1.7.RELEASE\spring-test-5.1.7.RELEASE.jar;D:\maven\maven-dependcies\org\xmlunit\xmlunit-core\2.6.2\xmlunit-core-2.6.2.jar;D:\maven\maven-dependcies\mysql\mysql-connector-java\8.0.16\mysql-connector-java-8.0.16.jar;D:\maven\maven-dependcies\org\springframework\boot\spring-boot-starter-log4j\1.3.8.RELEASE\spring-boot-starter-log4j-1.3.8.RELEASE.jar;D:\maven\maven-dependcies\org\slf4j\jcl-over-slf4j\1.7.26\jcl-over-slf4j-1.7.26.jar;D:\maven\maven-dependcies\org\slf4j\jul-to-slf4j\1.7.26\jul-to-slf4j-1.7.26.jar;D:\maven\maven-dependcies\org\slf4j\slf4j-log4j12\1.7.26\slf4j-log4j12-1.7.26.jar;D:\maven\maven-dependcies\log4j\log4j\1.2.17\log4j-1.2.17.jar;D:\maven\maven-dependcies\org\projectlombok\lombok\1.18.8\lombok-1.18.8.jar;D:\maven\maven-dependcies\io\netty\netty-all\4.1.31.Final\netty-all-4.1.31.Final.jar;D:\maven\maven-dependcies\com\alibaba\fastjson\1.2.58\fastjson-1.2.58.jar;"/>
    <property name="sun.cpu.endian" value="little"/>
    <property name="user.home" value="C:\Users\k"/>
    <property name="user.language" value="zh"/>
    <property name="java.specification.vendor" value="Oracle Corporation"/>
    <property name="java.home" value="E:\JDK1.8\jre"/>
    <property name="basedir" value="E:\workspace-iot\IOT_MQTT"/>
    <property name="file.separator" value="\"/>
    <property name="line.separator" value="&#10;"/>
    <property name="java.vm.specification.vendor" value="Oracle Corporation"/>
    <property name="java.specification.name" value="Java Platform API Specification"/>
    <property name="java.awt.graphicsenv" value="sun.awt.Win32GraphicsEnvironment"/>
    <property name="surefire.real.class.path" value="C:\Users\k\AppData\Local\Temp\surefire3139965671851335134\surefirebooter7900090918213299965.jar"/>
    <property name="sun.boot.class.path" value="E:\JDK1.8\jre\lib\resources.jar;E:\JDK1.8\jre\lib\rt.jar;E:\JDK1.8\jre\lib\sunrsasign.jar;E:\JDK1.8\jre\lib\jsse.jar;E:\JDK1.8\jre\lib\jce.jar;E:\JDK1.8\jre\lib\charsets.jar;E:\JDK1.8\jre\lib\jfr.jar;E:\JDK1.8\jre\classes"/>
    <property name="user.script" value=""/>
    <property name="sun.management.compiler" value="HotSpot 64-Bit Tiered Compilers"/>
    <property name="java.runtime.version" value="1.8.0_171-b11"/>
    <property name="user.name" value="k"/>
    <property name="path.separator" value=";"/>
    <property name="os.version" value="6.1"/>
    <property name="java.endorsed.dirs" value="E:\JDK1.8\jre\lib\endorsed"/>
    <property name="java.runtime.name" value="Java(TM) SE Runtime Environment"/>
    <property name="file.encoding" value="GBK"/>
    <property name="java.vm.name" value="Java HotSpot(TM) 64-Bit Server VM"/>
    <property name="localRepository" value="D:\maven\maven-dependcies"/>
    <property name="java.vendor.url.bug" value="http://bugreport.sun.com/bugreport/"/>
    <property name="java.io.tmpdir" value="C:\Users\k\AppData\Local\Temp\"/>
    <property name="idea.version" value="2018.1.4"/>
    <property name="java.version" value="1.8.0_171"/>
    <property name="user.dir" value="E:\workspace-iot\IOT_MQTT"/>
    <property name="os.arch" value="amd64"/>
    <property name="java.vm.specification.name" value="Java Virtual Machine Specification"/>
    <property name="java.awt.printerjob" value="sun.awt.windows.WPrinterJob"/>
    <property name="sun.os.patch.level" value="Service Pack 1"/>
    <property name="java.library.path" value="E:\JDK1.8\jre\bin;C:\Windows\Sun\Java\bin;C:\Windows\system32;C:\Windows;C:\Program Files (x86)\Common Files\Oracle\Java\javapath;C:\Windows\system32;C:\Windows;C:\Windows\System32\Wbem;C:\Windows\System32\WindowsPowerShell\v1.0\;C:\Program Files (x86)\MySQL\MySQL Utilities 1.6\;C:\Program Files\TortoiseSVN\bin;D:\Program Files\Java\jdk1.7.0_45;E:\JDK1.8;\bin;D:\Program Files\Java\jdk1.7.0_45;E:\JDK1.8;\jre\bin;D:\Git\cmd;E:\OpenSSL-Win64\bin;D:\Program Files\cmake-3.14.4-win64-x64\bin;D:\Program Files\MinGW\bin;."/>
    <property name="java.vm.info" value="mixed mode"/>
    <property name="java.vendor" value="Oracle Corporation"/>
    <property name="java.vm.version" value="25.171-b11"/>
    <property name="java.ext.dirs" value="E:\JDK1.8\jre\lib\ext;C:\Windows\Sun\Java\lib\ext"/>
    <property name="sun.io.unicode.encoding" value="UnicodeLittle"/>
    <property name="java.class.version" value="52.0"/>
  </properties>
  <testcase name="contextLoads" classname="com.krt.mqtt.server.MqttServerApplicationTests" time="0.76"/>
</testsuite>